\BOOKMARK [0][-]{chapter.1}{Front Matter}{}% 1
\BOOKMARK [1][-]{section*.1}{Executive Summary}{chapter.1}% 2
\BOOKMARK [1][-]{section*.2}{Glossary}{chapter.1}% 3
\BOOKMARK [0][-]{section*.3}{Contents}{}% 4
\BOOKMARK [0][-]{section*.4}{List of Figures}{}% 5
\BOOKMARK [0][-]{chapter.2}{Context}{}% 6
\BOOKMARK [1][-]{section.2.1}{Need Statement}{chapter.2}% 7
\BOOKMARK [1][-]{section.2.2}{Problem Statement}{chapter.2}% 8
\BOOKMARK [1][-]{section.2.3}{Vision Statement}{chapter.2}% 9
\BOOKMARK [1][-]{section.2.4}{Corporate Partner: Embraer}{chapter.2}% 10
\BOOKMARK [1][-]{section.2.5}{The Design Team}{chapter.2}% 11
\BOOKMARK [1][-]{section.2.6}{Coaches}{chapter.2}% 12
\BOOKMARK [0][-]{chapter.3}{Design Development}{}% 13
\BOOKMARK [1][-]{section.3.1}{User needfinding}{chapter.3}% 14
\BOOKMARK [1][-]{section.3.2}{Design Explorations}{chapter.3}% 15
\BOOKMARK [1][-]{section.3.3}{Dark horse}{chapter.3}% 16
\BOOKMARK [1][-]{section.3.4}{Going Back to The Need}{chapter.3}% 17
\BOOKMARK [1][-]{section.3.5}{Functional Prototype}{chapter.3}% 18
\BOOKMARK [0][-]{chapter.4}{Design Requirements}{}% 19
\BOOKMARK [1][-]{section.4.1}{Functional Requirements}{chapter.4}% 20
\BOOKMARK [1][-]{section.4.2}{Physical Requirements}{chapter.4}% 21
\BOOKMARK [0][-]{chapter.5}{Vision}{}% 22
\BOOKMARK [1][-]{section.5.1}{Accommodation System:}{chapter.5}% 23
\BOOKMARK [1][-]{section.5.2}{Seat configuration:}{chapter.5}% 24
\BOOKMARK [1][-]{section.5.3}{Micro-airports:}{chapter.5}% 25
\BOOKMARK [1][-]{section.5.4}{The Personalized Information Era:}{chapter.5}% 26
\BOOKMARK [1][-]{section.5.5}{The Experience}{chapter.5}% 27
\BOOKMARK [0][-]{chapter.6}{Design Specifications}{}% 28
\BOOKMARK [1][-]{section.6.1}{Wheelchair Storage}{chapter.6}% 29
\BOOKMARK [1][-]{section.6.2}{Transfer Mechanism}{chapter.6}% 30
\BOOKMARK [0][-]{chapter.7}{Project Management}{}% 31
\BOOKMARK [1][-]{section.7.1}{Winter Quarter Review}{chapter.7}% 32
\BOOKMARK [1][-]{section.7.2}{Deliverables}{chapter.7}% 33
\BOOKMARK [1][-]{section.7.3}{Milestones}{chapter.7}% 34
\BOOKMARK [1][-]{section.7.4}{Distributed team management}{chapter.7}% 35
\BOOKMARK [1][-]{section.7.5}{Project Budget}{chapter.7}% 36
\BOOKMARK [1][-]{section.7.6}{Project Time Line}{chapter.7}% 37
\BOOKMARK [1][-]{section.7.7}{Reflection and Goals}{chapter.7}% 38
\BOOKMARK [0][-]{chapter.A}{Appendix - Deep analysis of users problems and needfinding}{}% 39
\BOOKMARK [0][-]{chapter.B}{Appendix - Flying experience from A to Z}{}% 40
\BOOKMARK [0][-]{chapter.C}{Appendix - Additional Design Development}{}% 41
\BOOKMARK [1][-]{section.C.1}{Dark horse}{chapter.C}% 42
\BOOKMARK [1][-]{section.C.2}{Funky Prototype}{chapter.C}% 43
\BOOKMARK [0][-]{chapter.D}{Appendix - User survey}{}% 44
\BOOKMARK [0][-]{chapter.E}{Appendix - Interview of an Air France employee in charge of baggage handling}{}% 45
\BOOKMARK [1][-]{section.E.1}{General procedure for wheelchair storage}{chapter.E}% 46
\BOOKMARK [1][-]{section.E.2}{Specific procedure for heavy powered wheelchair which are stored in the cargo hold}{chapter.E}% 47
\BOOKMARK [1][-]{section.E.3}{Impacts on the center of gravity of the plane due to the presence of a heavy wheelchair in the cargo hold}{chapter.E}% 48
\BOOKMARK [1][-]{section.E.4}{Responsibilities of the airline employees}{chapter.E}% 49
\BOOKMARK [0][-]{chapter.F}{Appendix - Characteristics of Embraer jet E175}{}% 50
\BOOKMARK [1][-]{section.F.1}{Analysis of aircraft dimensions}{chapter.F}% 51
\BOOKMARK [1][-]{section.F.2}{Analysis of the cargo hold structure}{chapter.F}% 52
